<?xml version="1.0" encoding="UTF-8"?>
<!-- Generated by org.testng.reporters.JUnitReportReporter -->
<testsuite hostname="hp" name="com.project.UrbanClap.NativeApp.App" tests="1" failures="0" timestamp="13 Aug 2017 12:28:04 GMT" time="101.583" errors="0">
  <testcase name="tests" time="101.583" classname="com.project.UrbanClap.NativeApp.App"/>
</testsuite> <!-- com.project.UrbanClap.NativeApp.App -->
