<?xml version="1.0" encoding="UTF-8"?>
<!-- Generated by org.testng.reporters.JUnitReportReporter -->
<testsuite hostname="hp" name="com.project.UrbanClap.tests.Test1" tests="1" failures="0" timestamp="13 Aug 2017 22:35:17 GMT" time="129.673" errors="0">
  <testcase name="successfulUserFlow" time="129.673" classname="com.project.UrbanClap.tests.Test1"/>
</testsuite> <!-- com.project.UrbanClap.tests.Test1 -->
